INFO	2021-07-30 11:24:12,827	0	server.Server	[pool-1-thread-1]	Message to chat from Server: 'Andy enters the chat!'
INFO	2021-07-30 11:24:24,077	11250	server.Server	[pool-1-thread-1]	Message to chat from Andy: ' Hey! Anybody home?'
INFO	2021-07-30 11:24:27,983	15156	server.Server	[pool-1-thread-1]	Message to chat from Andy: ' ok'
INFO	2021-07-30 11:24:33,096	20269	server.Server	[pool-1-thread-1]	Message to chat from Server: 'Andy has gone!'
INFO	2021-07-30 11:25:13,581	60754	server.Server	[pool-1-thread-2]	Message to chat from Server: 'test enters the chat!'
INFO	2021-07-30 11:25:16,609	63782	server.Server	[pool-1-thread-2]	Message to chat from test: ' one'
INFO	2021-07-30 11:25:41,147	88320	server.Server	[pool-1-thread-2]	Message to chat from Server: 'test has gone!'
INFO	2021-07-30 11:41:34,203	1041376	server.Server	[pool-1-thread-3]	Message to chat from Server: 'A enters the chat!'
INFO	2021-07-30 11:41:38,007	1045180	server.Server	[pool-1-thread-3]	Message to chat from Server: 'A has gone!'
INFO	2021-07-30 11:44:25,032	1212205	server.Server	[pool-1-thread-4]	Message to chat from Server: 'A enters the chat!'
INFO	2021-07-30 11:44:29,455	1216628	server.Server	[pool-1-thread-4]	Message to chat from Server: 'A has gone!'
INFO	2021-07-30 11:45:05,599	1252772	server.Server	[pool-1-thread-5]	Message to chat from Server: 'A enters the chat!'
INFO	2021-07-30 11:45:09,917	1257090	server.Server	[pool-1-thread-5]	Message to chat from Server: 'A has gone!'
INFO	2021-07-30 11:48:54,243	1481416	server.Server	[pool-1-thread-6]	Message to chat from Server: 'A enters the chat!'
INFO	2021-07-30 11:48:58,148	1485321	server.Server	[pool-1-thread-6]	Message to chat from Server: 'A has gone!'
INFO	2021-07-30 11:59:33,990	2121163	server.Server	[pool-1-thread-7]	Message to chat from Server: 'A enters the chat!'
INFO	2021-07-30 11:59:36,822	2123995	server.Server	[pool-1-thread-7]	Message to chat from A: ' s'
INFO	2021-07-30 11:59:39,499	2126672	server.Server	[pool-1-thread-7]	Message to chat from Server: 'A has gone!'
INFO	2021-07-30 12:42:56,727	0	server.Server	[pool-1-thread-1]	Message to chat from Server: 'Helena enters the chat!'
INFO	2021-07-30 12:43:03,246	6519	server.Server	[pool-1-thread-1]	Message to chat from Helena: ' Hey it's me'
INFO	2021-07-30 12:43:35,273	38546	server.Server	[pool-1-thread-2]	Message to chat from Server: 'A2 enters the chat!'
INFO	2021-07-30 12:43:42,683	45956	server.Server	[pool-1-thread-2]	Message to chat from A2: ' hi Helena'
INFO	2021-07-30 12:43:52,031	55304	server.Server	[pool-1-thread-1]	Message to chat from Helena: ' yo'
INFO	2021-07-30 12:43:58,860	62133	server.Server	[pool-1-thread-2]	Message to chat from Server: 'A2 has gone!'
INFO	2021-07-30 12:44:02,436	65709	server.Server	[pool-1-thread-1]	Message to chat from Server: 'Helena has gone!'
INFO	2021-07-30 13:06:56,507	0	server.Server	[pool-1-thread-1]	Message to chat from Server: 'A enters the chat!'
INFO	2021-07-30 13:06:58,547	2040	server.Server	[pool-1-thread-1]	Message to chat from A: ' s'
INFO	2021-07-30 13:07:02,123	5616	server.Server	[pool-1-thread-1]	Message to chat from Server: 'A has gone!'
INFO	2021-07-30 13:51:41,706	0	server.Server	[pool-1-thread-1]	Message to chat from Server: 'Aki enters the chat!'
INFO	2021-07-30 13:51:45,894	4188	server.Server	[pool-1-thread-1]	Message to chat from Aki: ' Hello'
INFO	2021-07-30 13:51:50,234	8528	server.Server	[pool-1-thread-1]	Message to chat from Server: 'Aki has gone!'
INFO	2021-07-30 14:20:12,763	0	server.Server	[pool-1-thread-3]	Message to chat from Server: 'Test message'
INFO	2021-07-30 14:22:11,876	0	server.Server	[pool-1-thread-1]	Message to chat from Server: 'Test message'
INFO	2021-07-30 14:23:12,516	0	server.Server	[pool-1-thread-1]	Message to chat from Server: 'Test message'
INFO	2021-07-30 14:27:46,262	273746	server.Server	[pool-1-thread-3]	Message to chat from Server: 'Test message'
INFO	2021-07-30 14:29:42,284	389768	server.Server	[pool-1-thread-6]	Message to chat from Server: 'Test message'
INFO	2021-07-30 14:43:37,541	1225025	server.Server	[pool-1-thread-7]	Message to chat from Server: 'Test enters the chat!'
INFO	2021-07-30 14:43:37,657	1225141	server.Server	[pool-1-thread-7]	Message to chat from Server: 'Some text'
INFO	2021-07-30 14:44:03,202	1250686	server.Server	[pool-1-thread-8]	Message to chat from Server: 'Test enters the chat!'
INFO	2021-07-30 14:44:03,314	1250798	server.Server	[pool-1-thread-8]	Message to chat from Server: 'Some text'
INFO	2021-07-30 14:49:41,372	1588856	server.Server	[pool-1-thread-9]	Message to chat from Server: 'Test user enters the chat!'
INFO	2021-07-30 14:50:16,473	1623957	server.Server	[pool-1-thread-10]	Message to chat from Server: 'Test user enters the chat!'
INFO	2021-07-30 15:11:50,561	0	server.Server	[pool-1-thread-1]	Message to chat from Server: 'Ann enters the chat!'
INFO	2021-07-30 15:11:55,406	4845	server.Server	[pool-1-thread-1]	Message to chat from Ann: ' hi'
INFO	2021-07-30 15:12:24,372	33811	server.Server	[pool-1-thread-2]	Message to chat from Server: 'Den enters the chat!'
INFO	2021-07-30 15:12:35,230	44669	server.Server	[pool-1-thread-2]	Message to chat from Den: ' hello u'
INFO	2021-07-30 15:12:40,698	50137	server.Server	[pool-1-thread-2]	Message to chat from Server: 'Den has gone!'
INFO	2021-07-30 15:12:45,296	54735	server.Server	[pool-1-thread-1]	Message to chat from Server: 'Ann has gone!'
INFO	2021-07-30 15:14:23,515	152954	server.Server	[pool-1-thread-3]	Message to chat from Server: 'New user has gone!'
INFO	2021-07-30 15:20:31,674	521113	server.Server	[pool-1-thread-4]	Message to chat from Server: 'New user has gone!'
INFO	2021-07-30 15:20:39,188	528627	server.Server	[pool-1-thread-6]	Message to chat from Server: 'Test message'
INFO	2021-07-30 15:20:39,247	528686	server.Server	[pool-1-thread-8]	Message to chat from Server: 'New user has gone!'
INFO	2021-07-30 15:20:39,285	528724	server.Server	[pool-1-thread-9]	Message to chat from Server: 'Test user enters the chat!'
INFO	2021-07-30 15:36:12,183	1461622	server.Server	[pool-1-thread-2]	Message to chat from Server: 'Test message'
INFO	2021-07-30 15:36:12,339	1461778	server.Server	[pool-1-thread-3]	Message to chat from Server: 'New user has gone!'
INFO	2021-07-30 15:36:12,349	1461788	server.Server	[pool-1-thread-4]	Message to chat from Server: 'Test user enters the chat!'
INFO	2021-07-30 15:37:07,967	1517406	server.Server	[pool-1-thread-3]	Message to chat from Server: 'Test message'
INFO	2021-07-30 15:38:23,724	0	server.Server	[pool-1-thread-2]	Message to chat from Server: 'Test message'
INFO	2021-07-30 15:38:23,892	168	server.Server	[pool-1-thread-4]	Message to chat from Server: 'New user has gone!'
INFO	2021-07-30 15:38:23,905	181	server.Server	[pool-1-thread-5]	Message to chat from Server: 'Test user enters the chat!'
INFO	2021-07-30 15:39:31,860	68136	server.Server	[pool-1-thread-7]	Message to chat from Server: 'Test message'
INFO	2021-07-30 15:39:32,024	68300	server.Server	[pool-1-thread-9]	Message to chat from Server: 'New user has gone!'
INFO	2021-07-30 15:39:32,051	68327	server.Server	[pool-1-thread-10]	Message to chat from Server: 'Test user enters the chat!'
ERROR	2021-07-30 15:46:48,855	0	server.Server	[Thread-0]	java.net.BindException: Address already in use
ERROR	2021-07-30 15:47:12,338	0	server.Server	[Thread-0]	java.net.BindException: Address already in use
INFO	2021-07-30 16:31:50,397	0	server.Server	[pool-1-thread-4]	Message to chat from Server: 'expected'
INFO	2021-07-30 16:32:16,268	25871	server.Server	[pool-1-thread-5]	Message to chat from Server: 'expected'
INFO	2021-07-30 16:32:32,788	42391	server.Server	[pool-1-thread-8]	Message to chat from Server: 'expected'
INFO	2021-07-30 16:33:06,659	76262	server.Server	[pool-1-thread-10]	Message to chat from Server: 'expected'
INFO	2021-07-30 17:21:14,733	0	server.Server	[pool-1-thread-1]	Message to chat from Server: 'Test'
INFO	2021-07-30 17:22:50,908	0	server.Server	[pool-1-thread-1]	Message to chat from Client: ' Test'
INFO	2021-07-30 17:23:42,215	0	server.Server	[pool-1-thread-1]	Message to chat from Client: ' Test'
INFO	2021-07-30 17:24:54,411	0	server.Server	[pool-1-thread-1]	Message to chat from Client: ' Test'
INFO	2021-07-30 17:26:30,769	0	server.Server	[pool-1-thread-1]	Message to chat from Client: ' Test'
INFO	2021-07-30 17:28:38,488	0	server.Server	[pool-1-thread-1]	Message to chat from Client: ' Test'
INFO	2021-07-30 17:28:38,494	6	server.Server	[pool-1-thread-3]	Message to chat from Client: ' Test'
INFO	2021-07-30 17:29:34,889	0	server.Server	[pool-1-thread-2]	Message to chat from Client: ' Test'
INFO	2021-07-30 17:31:37,511	0	server.Server	[pool-1-thread-2]	Message to chat from Client: ' Test'
INFO	2021-07-30 17:33:20,959	0	server.Server	[Thread-1]	Message to chat from Client: ' Test'
INFO	2021-07-30 17:35:34,005	0	server.Server	[Thread-1]	Message to chat from Client: ' Test'
INFO	2021-07-30 17:37:21,157	0	server.Server	[Thread-1]	Message to chat from Client: ' Test'
INFO	2021-07-30 17:37:42,158	21001	server.Server	[pool-1-thread-3]	Message to chat from Server: 'Test message'
INFO	2021-07-30 17:37:42,217	21060	server.Server	[pool-1-thread-5]	Message to chat from Server: 'New user has gone!'
ERROR	2021-07-30 17:37:42,240	21083	server.Server	[Thread-2]	java.net.BindException: Address already in use
INFO	2021-07-30 17:37:49,260	28103	server.Server	[pool-1-thread-7]	Message to chat from Server: 'Test user enters the chat!'
INFO	2021-07-30 17:38:36,805	0	server.Server	[Thread-1]	Message to chat from Client: ' Test'
INFO	2021-07-30 17:38:57,807	21002	server.Server	[pool-1-thread-3]	Message to chat from Server: 'Test message'
INFO	2021-07-30 17:38:57,843	21038	server.Server	[pool-1-thread-5]	Message to chat from Server: 'New user has gone!'
ERROR	2021-07-30 17:38:57,853	21048	server.Server	[Thread-2]	java.net.BindException: Address already in use
INFO	2021-07-30 17:39:07,880	31075	server.Server	[pool-1-thread-7]	Message to chat from Server: 'Test user enters the chat!'
INFO	2021-07-30 17:39:44,893	0	server.Server	[Thread-1]	Message to chat from Client: ' Test'
INFO	2021-07-30 17:40:05,898	21005	server.Server	[pool-1-thread-3]	Message to chat from Server: 'Test message'
INFO	2021-07-30 17:40:05,966	21073	server.Server	[pool-1-thread-5]	Message to chat from Server: 'New user has gone!'
INFO	2021-07-30 17:40:05,990	21097	server.Server	[pool-1-thread-6]	Message to chat from Server: 'Test user enters the chat!'
ERROR	2021-07-30 17:41:06,922	0	server.Server	[Thread-0]	java.net.BindException: Address already in use
INFO	2021-07-30 17:41:06,928	6	server.Server	[Thread-1]	Message to chat from Client: ' Test'
INFO	2021-07-30 17:41:27,967	0	server.Server	[pool-1-thread-5]	Message to chat from Server: 'Test message'
INFO	2021-07-30 17:41:28,016	49	server.Server	[pool-1-thread-7]	Message to chat from Server: 'New user has gone!'
INFO	2021-07-30 17:41:28,047	80	server.Server	[pool-1-thread-8]	Message to chat from Server: 'Test user enters the chat!'
ERROR	2021-07-30 17:42:04,826	0	server.Server	[Thread-0]	java.net.BindException: Address already in use
INFO	2021-07-30 17:42:04,836	10	server.Server	[Thread-1]	Message to chat from Client: ' Test'
INFO	2021-07-30 17:43:31,557	123590	server.Server	[pool-1-thread-7]	Message to chat from Server: 'Test message'
INFO	2021-07-30 17:45:19,464	0	server.Server	[pool-1-thread-4]	Message to chat from Server: 'Test message'
INFO	2021-07-30 17:45:19,674	210	server.Server	[pool-1-thread-6]	Message to chat from Server: 'New user has gone!'
INFO	2021-07-30 17:45:19,714	250	server.Server	[pool-1-thread-7]	Message to chat from Server: 'Test user enters the chat!'
INFO	2021-07-30 18:08:28,133	0	server.Server	[pool-1-thread-2]	Message to chat from Test user: ' Message'
INFO	2021-07-30 18:08:48,023	19890	server.Server	[pool-1-thread-3]	Message to chat from Test user: ' Message'
INFO	2021-07-30 18:09:09,866	41733	server.Server	[pool-1-thread-4]	Message to chat from Test user: ' Message'
INFO	2021-07-30 18:13:27,887	299754	server.Server	[pool-1-thread-5]	Message to chat from Test user: ' Test user'
INFO	2021-07-30 18:13:39,970	311837	server.Server	[pool-1-thread-6]	Message to chat from Test user: ' Test user'
INFO	2021-07-30 18:14:42,330	374197	server.Server	[pool-1-thread-7]	Message to chat from Test user: ' Test user'
INFO	2021-07-30 18:23:59,664	931531	server.Server	[pool-1-thread-10]	Message to chat from Server: 'New user has gone!'
INFO	2021-07-30 18:24:42,139	974006	server.Server	[pool-1-thread-10]	Message to chat from Server: 'New user has gone!'
INFO	2021-07-30 18:31:13,415	0	server.Server	[pool-1-thread-1]	Message to chat from Server: 'New user has gone!'
INFO	2021-07-30 18:31:33,236	19821	server.Server	[pool-1-thread-3]	Message to chat from Server: 'New user has gone!'
INFO	2021-07-30 18:32:03,624	50209	server.Server	[pool-1-thread-5]	Message to chat from Server: 'Test user1 enters the chat!'
INFO	2021-07-30 18:32:03,725	50310	server.Server	[pool-1-thread-5]	Message to chat from Server: 'Test user1 has gone!'
INFO	2021-07-30 18:36:39,389	325974	server.Server	[pool-1-thread-9]	Message to chat from Server: 'Test user1 enters the chat!'
INFO	2021-07-30 18:36:39,495	326080	server.Server	[pool-1-thread-9]	Message to chat from Server: 'Test user1 has gone!'
INFO	2021-07-30 18:36:39,516	326101	server.Server	[pool-1-thread-1]	Message to chat from Test user: ' Test user'
INFO	2021-07-30 18:37:45,424	392009	server.Server	[pool-1-thread-5]	Message to chat from Server: 'Test user1 enters the chat!'
INFO	2021-07-30 18:37:45,532	392117	server.Server	[pool-1-thread-5]	Message to chat from Server: 'Test user1 has gone!'
INFO	2021-07-30 18:38:30,980	0	server.Server	[pool-1-thread-2]	Message to chat from Test user: ' Test user'
INFO	2021-07-30 18:38:31,029	49	server.Server	[pool-1-thread-4]	Message to chat from Server: 'Test user1 enters the chat!'
INFO	2021-07-30 18:38:31,069	89	server.Server	[pool-1-thread-6]	Message to chat from Server: 'Test user1 enters the chat!'
INFO	2021-07-30 18:38:31,135	155	server.Server	[pool-1-thread-4]	Message to chat from Server: 'Test user1 has gone!'
INFO	2021-07-30 18:38:31,175	195	server.Server	[pool-1-thread-6]	Message to chat from Server: 'Test user1 has gone!'
INFO	2021-07-30 18:39:09,874	38894	server.Server	[pool-1-thread-9]	Message to chat from Test user: ' Test user'
INFO	2021-07-30 18:39:09,917	38937	server.Server	[pool-1-thread-4]	Message to chat from Server: 'Test user1 enters the chat!'
INFO	2021-07-30 18:39:10,026	39046	server.Server	[pool-1-thread-4]	Message to chat from Server: 'Test user1 has gone!'
INFO	2021-07-30 18:39:10,038	39058	server.Server	[pool-1-thread-4]	Message to chat from Server: 'Test user1 enters the chat!'
INFO	2021-07-30 18:39:10,142	39162	server.Server	[pool-1-thread-4]	Message to chat from Server: 'Test user1 has gone!'
INFO	2021-07-30 18:40:25,912	0	server.Server	[pool-1-thread-2]	Message to chat from Test user: ' Test user'
INFO	2021-07-30 18:40:25,950	38	server.Server	[pool-1-thread-4]	Message to chat from Server: 'Test user1 enters the chat!'
INFO	2021-07-30 18:40:25,979	67	server.Server	[pool-1-thread-6]	Message to chat from Server: 'Test user1 enters the chat!'
INFO	2021-07-30 18:40:26,055	143	server.Server	[pool-1-thread-4]	Message to chat from Server: 'Test user1 has gone!'
INFO	2021-07-30 18:40:26,085	173	server.Server	[pool-1-thread-6]	Message to chat from Server: 'Test user1 has gone!'
INFO	2021-07-30 18:41:37,842	71930	server.Server	[pool-1-thread-9]	Message to chat from Test user: ' Test user'
INFO	2021-07-30 18:41:37,881	71969	server.Server	[pool-1-thread-4]	Message to chat from Server: 'Test user1 enters the chat!'
INFO	2021-07-30 18:41:37,984	72072	server.Server	[pool-1-thread-4]	Message to chat from Server: 'Test user1 has gone!'
INFO	2021-07-30 18:41:37,989	72077	server.Server	[pool-1-thread-4]	Message to chat from Server: 'Test user1 enters the chat!'
INFO	2021-07-30 18:41:38,093	72181	server.Server	[pool-1-thread-4]	Message to chat from Server: 'Test user1 has gone!'
INFO	2021-07-30 18:43:14,505	0	server.Server	[pool-1-thread-2]	Message to chat from Test user: ' Test user'
INFO	2021-07-30 18:43:14,550	45	server.Server	[pool-1-thread-4]	Message to chat from Server: 'Test user1 enters the chat!'
INFO	2021-07-30 18:43:14,658	153	server.Server	[pool-1-thread-4]	Message to chat from Server: 'Test user1 has gone!'
INFO	2021-07-30 18:43:15,564	1059	server.Server	[pool-1-thread-6]	Message to chat from Server: 'Test user1 enters the chat!'
INFO	2021-07-30 18:43:15,670	1165	server.Server	[pool-1-thread-6]	Message to chat from Server: 'Test user1 has gone!'
INFO	2021-07-30 18:43:55,998	41493	server.Server	[pool-1-thread-9]	Message to chat from Test user: ' Test user'
INFO	2021-07-30 18:43:57,020	42515	server.Server	[pool-1-thread-4]	Message to chat from Server: 'Test user1 enters the chat!'
INFO	2021-07-30 18:43:57,125	42620	server.Server	[pool-1-thread-4]	Message to chat from Server: 'Test user1 has gone!'
INFO	2021-07-30 18:43:58,040	43535	server.Server	[pool-1-thread-4]	Message to chat from Server: 'Test user1 enters the chat!'
INFO	2021-07-30 18:43:58,147	43642	server.Server	[pool-1-thread-4]	Message to chat from Server: 'Test user1 has gone!'
INFO	2021-07-30 18:44:52,347	0	server.Server	[pool-1-thread-2]	Message to chat from Test user: ' Test user'
INFO	2021-07-30 18:44:53,374	1027	server.Server	[pool-1-thread-4]	Message to chat from Server: 'Test user1 enters the chat!'
INFO	2021-07-30 18:44:53,478	1131	server.Server	[pool-1-thread-4]	Message to chat from Server: 'Test user1 has gone!'
INFO	2021-07-30 18:44:56,385	4038	server.Server	[pool-1-thread-6]	Message to chat from Server: 'Test user1 enters the chat!'
INFO	2021-07-30 18:44:56,493	4146	server.Server	[pool-1-thread-6]	Message to chat from Server: 'Test user1 has gone!'
INFO	2021-07-30 18:45:06,082	13735	server.Server	[pool-1-thread-9]	Message to chat from Test user: ' Test user'
INFO	2021-07-30 18:45:07,108	14761	server.Server	[pool-1-thread-4]	Message to chat from Server: 'Test user1 enters the chat!'
INFO	2021-07-30 18:45:07,211	14864	server.Server	[pool-1-thread-4]	Message to chat from Server: 'Test user1 has gone!'
INFO	2021-07-30 18:45:10,140	17793	server.Server	[pool-1-thread-4]	Message to chat from Server: 'Test user1 enters the chat!'
INFO	2021-07-30 18:45:10,247	17900	server.Server	[pool-1-thread-4]	Message to chat from Server: 'Test user1 has gone!'
INFO	2021-07-30 18:48:31,047	0	server.Server	[pool-1-thread-1]	Message to chat from Server: 'New user has gone!'
INFO	2021-07-30 18:48:31,072	25	server.Server	[pool-1-thread-2]	Message to chat from Test user: ' Test user'
INFO	2021-07-30 18:48:32,078	1031	server.Server	[pool-1-thread-2]	Message to chat from Server: 'New user has gone!'
INFO	2021-07-30 18:48:32,092	1045	server.Server	[pool-1-thread-4]	Message to chat from Server: 'Test user1 enters the chat!'
INFO	2021-07-30 18:48:32,195	1148	server.Server	[pool-1-thread-4]	Message to chat from Server: 'Test user1 has gone!'
INFO	2021-07-30 18:48:37,105	6058	server.Server	[pool-1-thread-6]	Message to chat from Server: 'Test user1 enters the chat!'
INFO	2021-07-30 18:48:37,208	6161	server.Server	[pool-1-thread-6]	Message to chat from Server: 'Test user1 has gone!'
INFO	2021-07-30 18:49:11,606	0	server.Server	[pool-1-thread-1]	Message to chat from Server: 'New user has gone!'
INFO	2021-07-30 18:49:11,606	0	server.Server	[pool-1-thread-2]	Message to chat from Test user: ' Test user'
INFO	2021-07-30 18:49:12,606	1000	server.Server	[pool-1-thread-2]	Message to chat from Server: 'New user has gone!'
INFO	2021-07-30 18:49:12,619	1013	server.Server	[pool-1-thread-4]	Message to chat from Server: 'Test user1 enters the chat!'
INFO	2021-07-30 18:49:12,746	1140	server.Server	[pool-1-thread-4]	Message to chat from Server: 'Test user1 has gone!'
INFO	2021-07-30 18:49:17,631	6025	server.Server	[pool-1-thread-6]	Message to chat from Server: 'Test user1 enters the chat!'
INFO	2021-07-30 18:49:17,732	6126	server.Server	[pool-1-thread-6]	Message to chat from Server: 'Test user1 has gone!'
INFO	2021-07-30 18:49:56,560	44954	server.Server	[pool-1-thread-8]	Message to chat from Server: 'New user has gone!'
INFO	2021-07-30 18:49:56,607	45001	server.Server	[pool-1-thread-9]	Message to chat from Test user: ' Test user'
INFO	2021-07-30 18:49:57,609	46003	server.Server	[pool-1-thread-9]	Message to chat from Server: 'New user has gone!'
INFO	2021-07-30 18:49:57,637	46031	server.Server	[pool-1-thread-1]	Message to chat from Server: 'Test user1 enters the chat!'
INFO	2021-07-30 18:49:57,739	46133	server.Server	[pool-1-thread-1]	Message to chat from Server: 'Test user1 has gone!'
INFO	2021-07-30 18:50:02,649	51043	server.Server	[pool-1-thread-4]	Message to chat from Server: 'Test user1 enters the chat!'
INFO	2021-07-30 18:50:02,752	51146	server.Server	[pool-1-thread-4]	Message to chat from Server: 'Test user1 has gone!'
INFO	2021-07-30 18:50:58,623	107017	server.Server	[pool-1-thread-8]	Message to chat from Server: 'New user has gone!'
INFO	2021-07-30 18:50:58,667	107061	server.Server	[pool-1-thread-9]	Message to chat from Test user: ' Test user'
INFO	2021-07-30 18:50:59,674	108068	server.Server	[pool-1-thread-9]	Message to chat from Server: 'New user has gone!'
INFO	2021-07-30 18:50:59,705	108099	server.Server	[pool-1-thread-4]	Message to chat from Server: 'Test user1 enters the chat!'
INFO	2021-07-30 18:50:59,824	108218	server.Server	[pool-1-thread-4]	Message to chat from Server: 'Test user1 has gone!'
INFO	2021-07-30 18:51:04,718	113112	server.Server	[pool-1-thread-9]	Message to chat from Server: 'Test user1 enters the chat!'
INFO	2021-07-30 18:51:04,824	113218	server.Server	[pool-1-thread-9]	Message to chat from Server: 'Test user1 has gone!'
INFO	2021-07-30 18:52:05,098	173492	server.Server	[pool-1-thread-9]	Message to chat from Server: 'New user has gone!'
INFO	2021-07-30 18:52:05,131	173525	server.Server	[pool-1-thread-9]	Message to chat from Test user: ' Test user'
INFO	2021-07-30 18:52:06,140	174534	server.Server	[pool-1-thread-9]	Message to chat from Server: 'New user has gone!'
INFO	2021-07-30 18:56:45,848	0	server.Server	[pool-1-thread-1]	Message to chat from Server: 'Test user1 enters the chat!'
INFO	2021-07-30 18:56:45,950	102	server.Server	[pool-1-thread-1]	Message to chat from Server: 'Test user1 has gone!'
INFO	2021-07-30 18:57:31,998	46150	server.Server	[pool-1-thread-3]	Message to chat from Server: 'Test user1 enters the chat!'
INFO	2021-07-30 18:57:32,102	46254	server.Server	[pool-1-thread-3]	Message to chat from Server: 'Test user1 has gone!'
INFO	2021-07-30 18:57:53,975	68127	server.Server	[pool-1-thread-5]	Message to chat from Server: 'New user has gone!'
INFO	2021-07-30 18:57:54,022	68174	server.Server	[pool-1-thread-6]	Message to chat from Test user: ' Test user'
INFO	2021-07-30 18:57:55,028	69180	server.Server	[pool-1-thread-6]	Message to chat from Server: 'New user has gone!'
INFO	2021-07-30 18:57:55,054	69206	server.Server	[pool-1-thread-8]	Message to chat from Server: 'Test user1 enters the chat!'
INFO	2021-07-30 18:57:55,155	69307	server.Server	[pool-1-thread-8]	Message to chat from Server: 'Test user1 has gone!'
INFO	2021-07-30 19:00:42,546	236698	server.Server	[pool-1-thread-10]	Message to chat from Server: 'New user has gone!'
INFO	2021-07-30 19:00:42,590	236742	server.Server	[pool-1-thread-1]	Message to chat from Test user: ' Test user'
INFO	2021-07-30 19:00:43,596	237748	server.Server	[pool-1-thread-1]	Message to chat from Server: 'New user has gone!'
INFO	2021-07-30 19:00:43,620	237772	server.Server	[pool-1-thread-5]	Message to chat from Server: 'Test user1 enters the chat!'
INFO	2021-07-30 19:00:43,725	237877	server.Server	[pool-1-thread-5]	Message to chat from Server: 'Test user1 has gone!'
INFO	2021-07-30 19:00:43,743	237895	server.Server	[pool-1-thread-8]	Message to chat from Server: 'Test user1 enters the chat!'
INFO	2021-07-30 19:00:43,850	238002	server.Server	[pool-1-thread-8]	Message to chat from Server: 'Test user1 has gone!'
INFO	2021-07-30 19:01:32,550	286702	server.Server	[pool-1-thread-1]	Message to chat from Server: 'New user has gone!'
INFO	2021-07-30 19:01:32,585	286737	server.Server	[pool-1-thread-5]	Message to chat from Test user: ' Test user'
INFO	2021-07-30 19:01:33,592	287744	server.Server	[pool-1-thread-5]	Message to chat from Server: 'New user has gone!'
INFO	2021-07-30 19:01:33,620	287772	server.Server	[pool-1-thread-1]	Message to chat from Server: 'Test user1 enters the chat!'
INFO	2021-07-30 19:01:33,725	287877	server.Server	[pool-1-thread-1]	Message to chat from Server: 'Test user1 has gone!'
INFO	2021-07-30 19:01:33,742	287894	server.Server	[pool-1-thread-1]	Message to chat from Server: 'Test user1 enters the chat!'
INFO	2021-07-30 19:01:33,845	287997	server.Server	[pool-1-thread-1]	Message to chat from Server: 'Test user1 has gone!'
INFO	2021-07-30 19:08:39,743	0	server.Server	[pool-1-thread-1]	Message to chat from Test user: ' Test user'
INFO	2021-07-30 19:09:07,139	27396	server.Server	[pool-1-thread-2]	Message to chat from Test user: ' Test user'
INFO	2021-07-30 19:09:07,244	27501	server.Server	[pool-1-thread-2]	Message to chat from Server: 'New user has gone!'
INFO	2021-07-30 19:12:40,204	240461	server.Server	[pool-1-thread-3]	Message to chat from Server: 'New user has gone!'
INFO	2021-07-30 19:12:40,227	240484	server.Server	[pool-1-thread-5]	Message to chat from Test user: ' Test user'
INFO	2021-07-30 19:12:40,238	240495	server.Server	[pool-1-thread-6]	Message to chat from Test user: ' Test user'
INFO	2021-07-30 19:12:40,254	240511	server.Server	[pool-1-thread-7]	Message to chat from Server: 'Test user1 enters the chat!'
INFO	2021-07-30 19:12:40,289	240546	server.Server	[pool-1-thread-9]	Message to chat from Server: 'Test user1 enters the chat!'
INFO	2021-07-30 19:12:40,333	240590	server.Server	[pool-1-thread-5]	Message to chat from Server: 'New user has gone!'
INFO	2021-07-30 19:12:40,341	240598	server.Server	[pool-1-thread-6]	Message to chat from Server: 'New user has gone!'
INFO	2021-07-30 19:12:40,358	240615	server.Server	[pool-1-thread-7]	Message to chat from Server: 'Test user1 has gone!'
INFO	2021-07-30 19:12:40,396	240653	server.Server	[pool-1-thread-9]	Message to chat from Server: 'Test user1 has gone!'
INFO	2021-07-30 19:13:34,744	295001	server.Server	[pool-1-thread-2]	Message to chat from Server: 'New user has gone!'
INFO	2021-07-30 19:13:34,807	295064	server.Server	[pool-1-thread-5]	Message to chat from Test user: ' Test user'
INFO	2021-07-30 19:13:34,830	295087	server.Server	[pool-1-thread-6]	Message to chat from Test user: ' Test user'
INFO	2021-07-30 19:13:34,852	295109	server.Server	[pool-1-thread-7]	Message to chat from Server: 'Test user1 enters the chat!'
INFO	2021-07-30 19:13:34,913	295170	server.Server	[pool-1-thread-5]	Message to chat from Server: 'New user has gone!'
INFO	2021-07-30 19:13:34,936	295193	server.Server	[pool-1-thread-6]	Message to chat from Server: 'New user has gone!'
INFO	2021-07-30 19:13:34,939	295196	server.Server	[pool-1-thread-2]	Message to chat from Server: 'Test user1 enters the chat!'
INFO	2021-07-30 19:13:34,955	295212	server.Server	[pool-1-thread-7]	Message to chat from Server: 'Test user1 has gone!'
INFO	2021-07-30 19:13:35,046	295303	server.Server	[pool-1-thread-2]	Message to chat from Server: 'Test user1 has gone!'
INFO	2021-07-30 19:14:48,652	368909	server.Server	[pool-1-thread-6]	Message to chat from Server: 'New user has gone!'
INFO	2021-07-30 19:14:48,700	368957	server.Server	[pool-1-thread-2]	Message to chat from Test user: ' Test user'
INFO	2021-07-30 19:14:48,722	368979	server.Server	[pool-1-thread-6]	Message to chat from Test user: ' Test user'
INFO	2021-07-30 19:14:48,804	369061	server.Server	[pool-1-thread-2]	Message to chat from Server: 'New user has gone!'
INFO	2021-07-30 19:14:48,806	369063	server.Server	[pool-1-thread-2]	Message to chat from Server: 'Test user1 enters the chat!'
INFO	2021-07-30 19:14:48,823	369080	server.Server	[pool-1-thread-6]	Message to chat from Server: 'New user has gone!'
INFO	2021-07-30 19:14:48,908	369165	server.Server	[pool-1-thread-2]	Message to chat from Server: 'Test user1 has gone!'
INFO	2021-07-30 19:14:50,773	371030	server.Server	[pool-1-thread-2]	Message to chat from Server: 'Test user1 enters the chat!'
INFO	2021-07-30 19:14:50,881	371138	server.Server	[pool-1-thread-2]	Message to chat from Server: 'Test user1 has gone!'
INFO	2021-08-02 18:24:19,890	0	server.Server	[pool-1-thread-1]	Message to chat from Server: 'New user has gone!'
INFO	2021-08-02 18:24:19,894	4	server.Server	[pool-1-thread-3]	Message to chat from Test user: ' Test user'
INFO	2021-08-02 18:24:19,909	19	server.Server	[pool-1-thread-4]	Message to chat from Test user: ' Test user'
INFO	2021-08-02 18:24:19,918	28	server.Server	[pool-1-thread-5]	Message to chat from Server: 'Test user1 enters the chat!'
INFO	2021-08-02 18:24:19,997	107	server.Server	[pool-1-thread-3]	Message to chat from Server: 'New user has gone!'
INFO	2021-08-02 18:24:20,010	120	server.Server	[pool-1-thread-7]	Message to chat from Server: 'Test user1 enters the chat!'
INFO	2021-08-02 18:24:20,014	124	server.Server	[pool-1-thread-4]	Message to chat from Server: 'New user has gone!'
INFO	2021-08-02 18:24:20,022	132	server.Server	[pool-1-thread-5]	Message to chat from Server: 'Test user1 has gone!'
INFO	2021-08-02 18:24:20,117	227	server.Server	[pool-1-thread-7]	Message to chat from Server: 'Test user1 has gone!'
ERROR	2021-08-02 18:32:56,597	0	server.Server	[main]	java.net.BindException: Address already in use
INFO	2021-08-02 18:34:05,427	585537	server.Server	[pool-1-thread-9]	Message to chat from Server: 'New user has gone!'
INFO	2021-08-02 18:34:05,456	585566	server.Server	[pool-1-thread-1]	Message to chat from Test user: ' Test message'
ERROR	2021-08-02 18:34:59,969	0	server.Server	[main]	java.net.BindException: Address already in use
ERROR	2021-08-02 18:35:28,878	0	server.Server	[main]	java.net.BindException: Address already in use
ERROR	2021-08-02 18:36:11,482	0	server.Server	[main]	java.net.BindException: Address already in use
ERROR	2021-08-02 18:36:23,567	0	server.Server	[main]	java.net.BindException: Address already in use
INFO	2021-08-03 17:03:07,316	0	server.Server	[pool-1-thread-1]	Message to chat from Server: 'New user has gone!'
INFO	2021-08-03 17:03:07,328	12	server.Server	[pool-1-thread-3]	Message to chat from Test user: ' Test message'
INFO	2021-08-03 17:05:14,477	127161	server.Server	[pool-1-thread-4]	Message to chat from Test user: ' Test message'
INFO	2021-08-03 17:06:03,012	175696	server.Server	[pool-1-thread-5]	Message to chat from Test user: ' Test message'
INFO	2021-08-03 17:06:03,114	175798	server.Server	[pool-1-thread-5]	Message to chat from Server: 'New user has gone!'
INFO	2021-08-03 17:06:40,177	212861	server.Server	[pool-1-thread-6]	Message to chat from Test user: ' Test message'
INFO	2021-08-03 17:09:19,405	372089	server.Server	[pool-1-thread-7]	Message to chat from Test user: ' Test message'
INFO	2021-08-03 17:09:19,509	372193	server.Server	[pool-1-thread-7]	Message to chat from Server: 'New user has gone!'
INFO	2021-08-03 17:09:40,998	393682	server.Server	[pool-1-thread-8]	Message to chat from Test user: ' Test message'
INFO	2021-08-03 17:09:41,105	393789	server.Server	[pool-1-thread-8]	Message to chat from Server: 'New user has gone!'
INFO	2021-08-03 17:10:02,177	414861	server.Server	[pool-1-thread-9]	Message to chat from Test user: ' Test message'
INFO	2021-08-03 17:10:02,278	414962	server.Server	[pool-1-thread-9]	Message to chat from Server: 'New user has gone!'
INFO	2021-08-03 17:13:05,520	598204	server.Server	[pool-1-thread-10]	Message to chat from Server: 'New user has gone!'
INFO	2021-08-03 17:16:46,765	819449	server.Server	[pool-1-thread-1]	Message to chat from Server: 'Test user1 enters the chat!'
INFO	2021-08-03 17:16:46,869	819553	server.Server	[pool-1-thread-1]	Message to chat from Server: 'Test user1 has gone!'
INFO	2021-08-03 17:16:46,871	819555	server.Server	[pool-1-thread-5]	Message to chat from Server: 'New user has gone!'
INFO	2021-08-03 17:18:17,707	910391	server.Server	[pool-1-thread-7]	Message to chat from Server: 'New user has gone!'
INFO	2021-08-03 17:18:17,741	910425	server.Server	[pool-1-thread-9]	Message to chat from Test user: ' Test message'
INFO	2021-08-03 17:18:17,749	910433	server.Server	[pool-1-thread-10]	Message to chat from Server: 'New user has gone!'
INFO	2021-08-03 17:18:17,758	910442	server.Server	[pool-1-thread-1]	Message to chat from Server: 'Test user1 enters the chat!'
INFO	2021-08-03 17:18:17,847	910531	server.Server	[pool-1-thread-9]	Message to chat from Server: 'New user has gone!'
INFO	2021-08-03 17:18:17,859	910543	server.Server	[pool-1-thread-1]	Message to chat from Server: 'Test user1 has gone!'
INFO	2021-08-03 17:18:17,860	910544	server.Server	[pool-1-thread-5]	Message to chat from Server: 'New user has gone!'
INFO	2021-08-03 17:18:24,046	916730	server.Server	[pool-1-thread-7]	Message to chat from Server: 'New user has gone!'
INFO	2021-08-03 17:18:24,086	916770	server.Server	[pool-1-thread-9]	Message to chat from Test user: ' Test message'
INFO	2021-08-03 17:18:24,095	916779	server.Server	[pool-1-thread-1]	Message to chat from Server: 'New user has gone!'
INFO	2021-08-03 17:18:24,104	916788	server.Server	[pool-1-thread-5]	Message to chat from Server: 'Test user1 enters the chat!'
INFO	2021-08-03 17:18:24,189	916873	server.Server	[pool-1-thread-9]	Message to chat from Server: 'New user has gone!'
INFO	2021-08-03 17:18:24,206	916890	server.Server	[pool-1-thread-5]	Message to chat from Server: 'Test user1 has gone!'
INFO	2021-08-03 17:18:24,208	916892	server.Server	[pool-1-thread-7]	Message to chat from Server: 'New user has gone!'
INFO	2021-08-03 17:18:36,096	928780	server.Server	[pool-1-thread-1]	Message to chat from Server: 'New user has gone!'
INFO	2021-08-03 17:18:36,133	928817	server.Server	[pool-1-thread-5]	Message to chat from Test user: ' Test message'
INFO	2021-08-03 17:18:36,141	928825	server.Server	[pool-1-thread-7]	Message to chat from Server: 'New user has gone!'
INFO	2021-08-03 17:18:36,151	928835	server.Server	[pool-1-thread-1]	Message to chat from Server: 'Test user1 enters the chat!'
INFO	2021-08-03 17:18:36,234	928918	server.Server	[pool-1-thread-5]	Message to chat from Server: 'New user has gone!'
INFO	2021-08-03 17:18:36,257	928941	server.Server	[pool-1-thread-1]	Message to chat from Server: 'Test user1 has gone!'
INFO	2021-08-03 17:18:36,258	928942	server.Server	[pool-1-thread-7]	Message to chat from Server: 'New user has gone!'
INFO	2021-08-03 17:23:01,608	1194292	server.Server	[pool-1-thread-5]	Message to chat from Server: 'New user has gone!'
INFO	2021-08-03 17:23:01,639	1194323	server.Server	[pool-1-thread-7]	Message to chat from Test user: ' Test message'
INFO	2021-08-03 17:23:01,648	1194332	server.Server	[pool-1-thread-5]	Message to chat from Server: 'New user has gone!'
INFO	2021-08-03 17:23:01,655	1194339	server.Server	[pool-1-thread-5]	Message to chat from Server: 'Test user1 enters the chat!'
INFO	2021-08-03 17:23:01,742	1194426	server.Server	[pool-1-thread-7]	Message to chat from Server: 'New user has gone!'
INFO	2021-08-03 17:23:01,756	1194440	server.Server	[pool-1-thread-5]	Message to chat from Server: 'Test user1 has gone!'
INFO	2021-08-03 17:23:01,757	1194441	server.Server	[pool-1-thread-7]	Message to chat from Server: 'New user has gone!'
INFO	2021-08-03 17:43:40,745	2433429	server.Server	[pool-1-thread-5]	Message to chat from Server: ' enters the chat!'
INFO	2021-08-03 17:44:40,363	2493047	server.Server	[pool-1-thread-7]	Message to chat from Server: ' enters the chat!'
INFO	2021-08-03 17:57:04,828	0	server.Server	[pool-1-thread-1]	Message to chat from Server: 'Test user enters the chat!'
INFO	2021-08-03 18:03:52,933	408105	server.Server	[pool-1-thread-2]	Message to chat from Server: 'Test user enters the chat!'
INFO	2021-08-03 18:05:37,649	512821	server.Server	[pool-1-thread-3]	Message to chat from Server: 'Test user enters the chat!'
INFO	2021-08-03 18:09:13,698	728870	server.Server	[pool-1-thread-4]	Message to chat from Server: 'Test user1 enters the chat!'
INFO	2021-08-03 18:09:13,799	728971	server.Server	[pool-1-thread-4]	Message to chat from Server: 'Test user1 has gone!'
INFO	2021-08-03 18:10:12,550	787722	server.Server	[pool-1-thread-6]	Message to chat from Server: 'Test user enters the chat!'
INFO	2021-08-03 18:10:12,656	787828	server.Server	[pool-1-thread-6]	Message to chat from Server: 'Test user has gone!'
INFO	2021-08-03 18:10:52,130	827302	server.Server	[pool-1-thread-7]	Message to chat from Server: 'Test user enters the chat!'
INFO	2021-08-03 18:12:47,935	943107	server.Server	[pool-1-thread-8]	Message to chat from Server: 'Test user enters the chat!'
INFO	2021-08-03 18:20:01,192	1376364	server.Server	[pool-1-thread-9]	Message to chat from Server: 'Test user enters the chat!'
INFO	2021-08-03 18:21:18,144	1453316	server.Server	[pool-1-thread-10]	Message to chat from Server: 'Test user enters the chat!'
INFO	2021-08-03 18:23:02,753	1557925	server.Server	[pool-1-thread-4]	Message to chat from Server: 'Test user enters the chat!'
INFO	2021-08-03 18:26:02,539	1737711	server.Server	[pool-1-thread-6]	Message to chat from Server: 'Test user enters the chat!'
INFO	2021-08-03 18:48:28,986	0	server.Server	[pool-1-thread-1]	Message to chat from Server: 'Helena enters the chat!'
INFO	2021-08-03 18:48:37,742	8756	server.Server	[pool-1-thread-1]	Message to chat from Helena: ' Hi! It's me'
INFO	2021-08-03 18:48:52,464	23478	server.Server	[pool-1-thread-1]	Message to chat from Server: 'Helena has gone!'
INFO	2021-08-03 18:49:11,382	42396	server.Server	[pool-1-thread-2]	Message to chat from Server: 'Akiko enters the chat!'
INFO	2021-08-03 18:49:18,780	49794	server.Server	[pool-1-thread-2]	Message to chat from Akiko: ' Hello'
INFO	2021-08-03 18:49:22,693	53707	server.Server	[pool-1-thread-2]	Message to chat from Server: 'Akiko has gone!'
INFO	2021-08-03 19:01:01,609	752623	server.Server	[pool-1-thread-4]	Message to chat from Server: 'Test message'
INFO	2021-08-03 19:01:01,815	752829	server.Server	[pool-1-thread-6]	Message to chat from Server: 'New user has gone!'
INFO	2021-08-03 19:01:01,828	752842	server.Server	[pool-1-thread-7]	Message to chat from Server: 'Test user enters the chat!'
INFO	2021-08-03 19:13:49,208	0	server.Server	[pool-1-thread-2]	Message to chat from Server: 'Test message'
INFO	2021-08-03 19:13:49,288	80	server.Server	[pool-1-thread-4]	Message to chat from Server: 'New user has gone!'
INFO	2021-08-03 19:13:49,296	88	server.Server	[pool-1-thread-5]	Message to chat from Server: 'Test user enters the chat!'
INFO	2021-08-03 19:14:04,361	15153	server.Server	[pool-1-thread-9]	Message to chat from Server: 'Test message'
INFO	2021-08-03 19:14:04,438	15230	server.Server	[pool-1-thread-4]	Message to chat from Server: 'New user has gone!'
INFO	2021-08-03 19:14:04,444	15236	server.Server	[pool-1-thread-4]	Message to chat from Server: 'Test user enters the chat!'
